/home/antoniolujano/.virtualenvs/MonotonicNeuralNetworks/bin/python /home/antoniolujano/MonotonicNeuralNetworks/src/test.py

Processing dataset: load_abalone
[I 2024-07-22 15:18:19,918] A new study created in memory with name: no-name-d0c11d6b-5c44-406c-a86a-2bd65c7fad73
Early stopping at epoch 18
[I 2024-07-22 15:21:06,386] Trial 6 finished with value: 0.08228415995836258 and parameters: {'lr': 0.06816708673741584, 'hidden_sizes': '[8, 16]', 'batch_size': 64}. Best is trial 6 with value: 0.08228415995836258.
Early stopping at epoch 19
[I 2024-07-22 15:23:07,557] Trial 2 finished with value: 0.08375821262598038 and parameters: {'lr': 0.08991859338370939, 'hidden_sizes': '[8, 16]', 'batch_size': 16}. Best is trial 6 with value: 0.08228415995836258.
Early stopping at epoch 24
[I 2024-07-22 15:24:21,619] Trial 8 finished with value: 0.07847029715776443 and parameters: {'lr': 0.021692466841579827, 'hidden_sizes': '[8, 16]', 'batch_size': 16}. Best is trial 8 with value: 0.07847029715776443.
Early stopping at epoch 47
[I 2024-07-22 15:24:26,584] Trial 12 finished with value: 0.07740923762321472 and parameters: {'lr': 0.014830354589995154, 'hidden_sizes': '[64, 64]', 'batch_size': 128}. Best is trial 12 with value: 0.07740923762321472.
Early stopping at epoch 25
[I 2024-07-22 15:24:30,183] Trial 4 finished with value: 0.08367165923118591 and parameters: {'lr': 0.0033492385746110302, 'hidden_sizes': '[8, 8]', 'batch_size': 16}. Best is trial 12 with value: 0.07740923762321472.
Early stopping at epoch 52
[I 2024-07-22 15:25:06,997] Trial 16 finished with value: 0.08027388155460358 and parameters: {'lr': 0.0037275984172036613, 'hidden_sizes': '[8, 8]', 'batch_size': 128}. Best is trial 12 with value: 0.07740923762321472.
Early stopping at epoch 56
[I 2024-07-22 15:26:29,563] Trial 14 finished with value: 0.08044279366731644 and parameters: {'lr': 0.00038511444908738163, 'hidden_sizes': '[64, 64]', 'batch_size': 64}. Best is trial 12 with value: 0.07740923762321472.
Early stopping at epoch 53
[I 2024-07-22 15:27:49,122] Trial 10 finished with value: 0.07807998359203339 and parameters: {'lr': 0.009519839039904601, 'hidden_sizes': '[32, 32]', 'batch_size': 32}. Best is trial 12 with value: 0.07740923762321472.
Early stopping at epoch 67
[I 2024-07-22 15:28:03,385] Trial 0 finished with value: 0.07945722341537476 and parameters: {'lr': 0.07985406133816512, 'hidden_sizes': '[8, 8]', 'batch_size': 64}. Best is trial 12 with value: 0.07740923762321472.
Early stopping at epoch 84
[I 2024-07-22 15:30:35,999] Trial 1 finished with value: 0.07699655741453171 and parameters: {'lr': 0.013181398876205909, 'hidden_sizes': '[16, 32]', 'batch_size': 64}. Best is trial 1 with value: 0.07699655741453171.
[I 2024-07-22 15:31:04,133] Trial 18 finished with value: 0.07826400548219681 and parameters: {'lr': 0.0016372425564273798, 'hidden_sizes': '[32, 64]', 'batch_size': 128}. Best is trial 1 with value: 0.07699655741453171.
[I 2024-07-22 15:31:06,327] Trial 7 finished with value: 0.08067046850919724 and parameters: {'lr': 0.00017142887328449894, 'hidden_sizes': '[64, 64]', 'batch_size': 128}. Best is trial 1 with value: 0.07699655741453171.
[I 2024-07-22 15:31:07,060] Trial 5 finished with value: 0.08184556663036346 and parameters: {'lr': 0.0035070781019747137, 'hidden_sizes': '[16, 32]', 'batch_size': 128}. Best is trial 1 with value: 0.07699655741453171.
[I 2024-07-22 15:31:07,391] Trial 17 finished with value: 0.08014354854822159 and parameters: {'lr': 0.005877287256201514, 'hidden_sizes': '[16, 16]', 'batch_size': 128}. Best is trial 1 with value: 0.07699655741453171.
[I 2024-07-22 15:31:08,477] Trial 19 finished with value: 0.10372874140739441 and parameters: {'lr': 0.0002175456763807465, 'hidden_sizes': '[16, 8]', 'batch_size': 128}. Best is trial 1 with value: 0.07699655741453171.
Early stopping at epoch 31
[I 2024-07-22 15:31:41,510] Trial 27 finished with value: 0.08329246938228607 and parameters: {'lr': 0.08599525702606783, 'hidden_sizes': '[8, 16]', 'batch_size': 128}. Best is trial 1 with value: 0.07699655741453171.
[I 2024-07-22 15:32:18,955] Trial 11 finished with value: 0.08117834478616714 and parameters: {'lr': 0.0011529072158271935, 'hidden_sizes': '[8, 16]', 'batch_size': 64}. Best is trial 1 with value: 0.07699655741453171.
[I 2024-07-22 15:32:18,981] Trial 3 finished with value: 0.08087296038866043 and parameters: {'lr': 0.0006638081295948009, 'hidden_sizes': '[16, 16]', 'batch_size': 64}. Best is trial 1 with value: 0.07699655741453171.
Early stopping at epoch 70
[I 2024-07-22 15:33:56,394] Trial 13 finished with value: 0.07841579616069794 and parameters: {'lr': 0.020077862131809118, 'hidden_sizes': '[8, 8]', 'batch_size': 16}. Best is trial 1 with value: 0.07699655741453171.
[I 2024-07-22 15:34:09,424] Trial 21 finished with value: 0.07842719554901123 and parameters: {'lr': 0.01083367309729379, 'hidden_sizes': '[16, 32]', 'batch_size': 128}. Best is trial 1 with value: 0.07699655741453171.
[I 2024-07-22 15:34:17,599] Trial 15 finished with value: 0.08021315187215805 and parameters: {'lr': 0.0001480031358620631, 'hidden_sizes': '[64, 64]', 'batch_size': 32}. Best is trial 1 with value: 0.07699655741453171.
Early stopping at epoch 54
[I 2024-07-22 15:35:11,708] Trial 23 finished with value: 0.07947175204753876 and parameters: {'lr': 0.006492572229504001, 'hidden_sizes': '[8, 16]', 'batch_size': 16}. Best is trial 1 with value: 0.07699655741453171.
Early stopping at epoch 55
[I 2024-07-22 15:35:44,169] Trial 25 finished with value: 0.08100470900535583 and parameters: {'lr': 0.00012526990732472876, 'hidden_sizes': '[32, 64]', 'batch_size': 16}. Best is trial 1 with value: 0.07699655741453171.
Early stopping at epoch 88
[I 2024-07-22 15:36:01,698] Trial 24 finished with value: 0.07735547423362732 and parameters: {'lr': 0.002743213564296655, 'hidden_sizes': '[64, 64]', 'batch_size': 32}. Best is trial 1 with value: 0.07699655741453171.
[I 2024-07-22 15:36:30,084] Trial 22 finished with value: 0.08220851421356201 and parameters: {'lr': 0.00010057189484662187, 'hidden_sizes': '[32, 32]', 'batch_size': 32}. Best is trial 1 with value: 0.07699655741453171.
[I 2024-07-22 15:36:40,371] Trial 9 finished with value: 0.08838855475187302 and parameters: {'lr': 0.00010664724323213095, 'hidden_sizes': '[16, 8]', 'batch_size': 16}. Best is trial 1 with value: 0.07699655741453171.
[I 2024-07-22 15:36:59,007] Trial 20 finished with value: 0.09176615625619888 and parameters: {'lr': 0.00010104811544227812, 'hidden_sizes': '[8, 8]', 'batch_size': 16}. Best is trial 1 with value: 0.07699655741453171.
[I 2024-07-22 15:37:01,431] Trial 28 finished with value: 0.07699593156576157 and parameters: {'lr': 0.0045084293254011735, 'hidden_sizes': '[16, 32]', 'batch_size': 16}. Best is trial 28 with value: 0.07699593156576157.
Early stopping at epoch 69
[I 2024-07-22 15:37:03,921] Trial 29 finished with value: 0.08266301453113556 and parameters: {'lr': 0.00046209864798136624, 'hidden_sizes': '[16, 32]', 'batch_size': 32}. Best is trial 28 with value: 0.07699593156576157.
[I 2024-07-22 15:37:09,165] Trial 26 finished with value: 0.08005935698747635 and parameters: {'lr': 0.00031295734851674226, 'hidden_sizes': '[32, 32]', 'batch_size': 16}. Best is trial 28 with value: 0.07699593156576157.
Early stopping at epoch 49
Early stopping at epoch 79
Early stopping at epoch 60
Early stopping at epoch 44

Results for load_abalone:
RMSE: 0.0739 (Â±0.0033)
Best configuration: {'lr': 0.0045084293254011735, 'hidden_sizes': [16, 32], 'batch_size': 16, 'epochs': 100}

Processing dataset: load_auto_mpg
[I 2024-07-22 15:38:52,221] A new study created in memory with name: no-name-46853087-8c15-46b9-9bcd-ff9a946286ba
Early stopping at epoch 23
[I 2024-07-22 15:39:12,284] Trial 8 finished with value: 0.087223581969738 and parameters: {'lr': 0.015909672135469687, 'hidden_sizes': '[16, 16]', 'batch_size': 64}. Best is trial 8 with value: 0.087223581969738.
Early stopping at epoch 27
[I 2024-07-22 15:39:15,560] Trial 3 finished with value: 0.07421841472387314 and parameters: {'lr': 0.023625740704912766, 'hidden_sizes': '[32, 64]', 'batch_size': 64}. Best is trial 3 with value: 0.07421841472387314.
Early stopping at epoch 30
[I 2024-07-22 15:39:18,309] Trial 16 finished with value: 0.07359705865383148 and parameters: {'lr': 0.06784096733740404, 'hidden_sizes': '[16, 32]', 'batch_size': 64}. Best is trial 16 with value: 0.07359705865383148.
Early stopping at epoch 29
[I 2024-07-22 15:39:22,503] Trial 11 finished with value: 0.07340257614850998 and parameters: {'lr': 0.017693012600745482, 'hidden_sizes': '[16, 32]', 'batch_size': 32}. Best is trial 11 with value: 0.07340257614850998.
Early stopping at epoch 35
[I 2024-07-22 15:39:22,555] Trial 10 finished with value: 0.14716890454292297 and parameters: {'lr': 0.0007189319620430706, 'hidden_sizes': '[8, 16]', 'batch_size': 64}. Best is trial 11 with value: 0.07340257614850998.
Early stopping at epoch 48
[I 2024-07-22 15:39:29,273] Trial 17 finished with value: 0.08145519345998764 and parameters: {'lr': 0.0016296297922908042, 'hidden_sizes': '[16, 16]', 'batch_size': 128}. Best is trial 11 with value: 0.07340257614850998.
Early stopping at epoch 64
[I 2024-07-22 15:39:41,506] Trial 19 finished with value: 0.08428703248500824 and parameters: {'lr': 0.0009042621765976485, 'hidden_sizes': '[32, 32]', 'batch_size': 128}. Best is trial 11 with value: 0.07340257614850998.
Early stopping at epoch 36
[I 2024-07-22 15:39:43,099] Trial 4 finished with value: 0.0754626989364624 and parameters: {'lr': 0.026359883790574107, 'hidden_sizes': '[16, 32]', 'batch_size': 16}. Best is trial 11 with value: 0.07340257614850998.
Early stopping at epoch 72
[I 2024-07-22 15:39:47,444] Trial 2 finished with value: 0.08770252764225006 and parameters: {'lr': 0.003067859872355966, 'hidden_sizes': '[8, 16]', 'batch_size': 128}. Best is trial 11 with value: 0.07340257614850998.
Early stopping at epoch 19
[I 2024-07-22 15:39:50,362] Trial 23 finished with value: 0.07608190923929214 and parameters: {'lr': 0.0730202814184368, 'hidden_sizes': '[16, 32]', 'batch_size': 16}. Best is trial 11 with value: 0.07340257614850998.
Early stopping at epoch 56
[I 2024-07-22 15:39:55,544] Trial 20 finished with value: 0.11500655114650726 and parameters: {'lr': 0.00025496345879844713, 'hidden_sizes': '[32, 64]', 'batch_size': 128}. Best is trial 11 with value: 0.07340257614850998.
Early stopping at epoch 63
[I 2024-07-22 15:39:57,909] Trial 9 finished with value: 0.10095242410898209 and parameters: {'lr': 0.0005323201999767034, 'hidden_sizes': '[16, 8]', 'batch_size': 32}. Best is trial 11 with value: 0.07340257614850998.
[I 2024-07-22 15:40:06,670] Trial 7 finished with value: 0.08635125309228897 and parameters: {'lr': 0.00030908854846398577, 'hidden_sizes': '[32, 64]', 'batch_size': 128}. Best is trial 11 with value: 0.07340257614850998.
[I 2024-07-22 15:40:06,875] Trial 1 finished with value: 0.0839177742600441 and parameters: {'lr': 0.00037020655382461864, 'hidden_sizes': '[32, 32]', 'batch_size': 128}. Best is trial 11 with value: 0.07340257614850998.
[I 2024-07-22 15:40:06,891] Trial 13 finished with value: 0.09410033375024796 and parameters: {'lr': 0.0003104262937034634, 'hidden_sizes': '[16, 32]', 'batch_size': 128}. Best is trial 11 with value: 0.07340257614850998.
[I 2024-07-22 15:40:07,062] Trial 6 finished with value: 0.08874435722827911 and parameters: {'lr': 0.0013507685823601256, 'hidden_sizes': '[16, 8]', 'batch_size': 128}. Best is trial 11 with value: 0.07340257614850998.
[I 2024-07-22 15:40:07,187] Trial 18 finished with value: 0.18246641755104065 and parameters: {'lr': 0.0002776823495547503, 'hidden_sizes': '[16, 16]', 'batch_size': 128}. Best is trial 11 with value: 0.07340257614850998.
[I 2024-07-22 15:40:07,249] Trial 14 finished with value: 0.07790551334619522 and parameters: {'lr': 0.028353720645562634, 'hidden_sizes': '[8, 8]', 'batch_size': 128}. Best is trial 11 with value: 0.07340257614850998.
Early stopping at epoch 29
[I 2024-07-22 15:40:10,713] Trial 27 finished with value: 0.07587965577840805 and parameters: {'lr': 0.010328981364127734, 'hidden_sizes': '[16, 32]', 'batch_size': 32}. Best is trial 11 with value: 0.07340257614850998.
[I 2024-07-22 15:40:11,929] Trial 0 finished with value: 0.07864908874034882 and parameters: {'lr': 0.0003334515590519795, 'hidden_sizes': '[16, 16]', 'batch_size': 64}. Best is trial 11 with value: 0.07340257614850998.
[I 2024-07-22 15:40:12,387] Trial 15 finished with value: 0.1045699492096901 and parameters: {'lr': 0.00032744085939109634, 'hidden_sizes': '[8, 8]', 'batch_size': 64}. Best is trial 11 with value: 0.07340257614850998.
Early stopping at epoch 63
[I 2024-07-22 15:40:14,360] Trial 12 finished with value: 0.07304096966981888 and parameters: {'lr': 0.009160664235625633, 'hidden_sizes': '[16, 32]', 'batch_size': 16}. Best is trial 12 with value: 0.07304096966981888.
Early stopping at epoch 96
[I 2024-07-22 15:40:18,793] Trial 5 finished with value: 0.07654193788766861 and parameters: {'lr': 0.0025628126606764695, 'hidden_sizes': '[8, 8]', 'batch_size': 32}. Best is trial 12 with value: 0.07304096966981888.
[I 2024-07-22 15:40:20,879] Trial 24 finished with value: 0.10036034882068634 and parameters: {'lr': 0.001065436305265219, 'hidden_sizes': '[8, 16]', 'batch_size': 128}. Best is trial 12 with value: 0.07304096966981888.
Early stopping at epoch 81
[I 2024-07-22 15:40:21,214] Trial 25 finished with value: 0.0759248435497284 and parameters: {'lr': 0.00636301007754715, 'hidden_sizes': '[8, 16]', 'batch_size': 64}. Best is trial 12 with value: 0.07304096966981888.
[I 2024-07-22 15:40:21,460] Trial 21 finished with value: 0.23718777298927307 and parameters: {'lr': 0.0001511902522055694, 'hidden_sizes': '[16, 16]', 'batch_size': 64}. Best is trial 12 with value: 0.07304096966981888.
[I 2024-07-22 15:40:22,310] Trial 28 finished with value: 0.0784512311220169 and parameters: {'lr': 0.05108779423327641, 'hidden_sizes': '[8, 8]', 'batch_size': 128}. Best is trial 12 with value: 0.07304096966981888.
Early stopping at epoch 89
Early stopping at epoch 95
[I 2024-07-22 15:40:24,537] Trial 26 finished with value: 0.07372026890516281 and parameters: {'lr': 0.0005217022252050207, 'hidden_sizes': '[32, 64]', 'batch_size': 32}. Best is trial 12 with value: 0.07304096966981888.
[I 2024-07-22 15:40:24,879] Trial 29 finished with value: 0.5054577589035034 and parameters: {'lr': 0.00011597316219418924, 'hidden_sizes': '[16, 8]', 'batch_size': 32}. Best is trial 12 with value: 0.07304096966981888.
[I 2024-07-22 15:40:25,322] Trial 22 finished with value: 0.10880224406719208 and parameters: {'lr': 0.00010499911934414015, 'hidden_sizes': '[16, 8]', 'batch_size': 16}. Best is trial 12 with value: 0.07304096966981888.
Early stopping at epoch 17
Early stopping at epoch 59
Early stopping at epoch 49
Early stopping at epoch 49
Early stopping at epoch 40

Results for load_auto_mpg:
RMSE: 0.0730 (Â±0.0070)
Best configuration: {'lr': 0.009160664235625633, 'hidden_sizes': [16, 32], 'batch_size': 16, 'epochs': 100}

Processing dataset: load_blog_feedback
[I 2024-07-22 15:40:38,774] A new study created in memory with name: no-name-9e9944ca-8626-4cac-bffd-82ee91659da6
Early stopping at epoch 14
[I 2024-07-22 16:07:52,897] Trial 8 finished with value: 0.1431708037853241 and parameters: {'lr': 0.07925057714251063, 'hidden_sizes': '[8, 8]', 'batch_size': 128}. Best is trial 8 with value: 0.1431708037853241.
Early stopping at epoch 15
[I 2024-07-22 16:09:40,364] Trial 4 finished with value: 0.13662627339363098 and parameters: {'lr': 0.008653939639953695, 'hidden_sizes': '[16, 8]', 'batch_size': 128}. Best is trial 4 with value: 0.13662627339363098.
Early stopping at epoch 14
[I 2024-07-22 16:11:22,410] Trial 7 finished with value: 0.13972224295139313 and parameters: {'lr': 0.0042446642260998806, 'hidden_sizes': '[32, 32]', 'batch_size': 64}. Best is trial 4 with value: 0.13662627339363098.
Early stopping at epoch 17
[I 2024-07-22 16:13:16,292] Trial 17 finished with value: 0.13401508331298828 and parameters: {'lr': 0.004578138310138728, 'hidden_sizes': '[8, 8]', 'batch_size': 128}. Best is trial 17 with value: 0.13401508331298828.
Early stopping at epoch 12
[I 2024-07-22 16:13:35,122] Trial 16 finished with value: 0.14614015817642212 and parameters: {'lr': 0.000345621095082445, 'hidden_sizes': '[64, 64]', 'batch_size': 32}. Best is trial 17 with value: 0.13401508331298828.
Early stopping at epoch 17
[I 2024-07-22 16:17:50,778] Trial 5 finished with value: 0.13658587634563446 and parameters: {'lr': 0.034041266652500755, 'hidden_sizes': '[64, 64]', 'batch_size': 64}. Best is trial 17 with value: 0.13401508331298828.
Early stopping at epoch 15
[I 2024-07-22 16:21:19,884] Trial 3 finished with value: 0.13932982087135315 and parameters: {'lr': 0.01056388277917264, 'hidden_sizes': '[8, 8]', 'batch_size': 32}. Best is trial 17 with value: 0.13401508331298828.
Early stopping at epoch 12
[I 2024-07-22 16:24:46,349] Trial 9 finished with value: 0.1397746205329895 and parameters: {'lr': 0.0011014482073717579, 'hidden_sizes': '[32, 32]', 'batch_size': 16}. Best is trial 17 with value: 0.13401508331298828.
Early stopping at epoch 21
[I 2024-07-22 16:36:02,152] Trial 1 finished with value: 0.13928358256816864 and parameters: {'lr': 0.000883895411407274, 'hidden_sizes': '[16, 16]', 'batch_size': 32}. Best is trial 17 with value: 0.13401508331298828.
Early stopping at epoch 16
[I 2024-07-22 16:39:05,110] Trial 6 finished with value: 0.13615982234477997 and parameters: {'lr': 0.0010177451354967725, 'hidden_sizes': '[8, 16]', 'batch_size': 16}. Best is trial 17 with value: 0.13401508331298828.
Early stopping at epoch 19
[I 2024-07-22 16:48:21,435] Trial 11 finished with value: 0.13167962431907654 and parameters: {'lr': 0.04075915415311118, 'hidden_sizes': '[16, 32]', 'batch_size': 16}. Best is trial 11 with value: 0.13167962431907654.
Early stopping at epoch 27
[I 2024-07-22 16:50:45,895] Trial 19 finished with value: 0.13267400860786438 and parameters: {'lr': 0.022051015711858486, 'hidden_sizes': '[16, 32]', 'batch_size': 32}. Best is trial 11 with value: 0.13167962431907654.
Early stopping at epoch 37
[I 2024-07-22 16:57:20,573] Trial 13 finished with value: 0.13821621239185333 and parameters: {'lr': 0.0010981105712238267, 'hidden_sizes': '[8, 16]', 'batch_size': 64}. Best is trial 11 with value: 0.13167962431907654.
Early stopping at epoch 41
[I 2024-07-22 17:03:37,168] Trial 2 finished with value: 0.13967710733413696 and parameters: {'lr': 0.0005046517683398024, 'hidden_sizes': '[16, 32]', 'batch_size': 64}. Best is trial 11 with value: 0.13167962431907654.
Early stopping at epoch 12
[I 2024-07-22 17:05:38,523] Trial 27 finished with value: 0.14355693757534027 and parameters: {'lr': 0.0007070389461735928, 'hidden_sizes': '[64, 64]', 'batch_size': 16}. Best is trial 11 with value: 0.13167962431907654.
Early stopping at epoch 25
[I 2024-07-22 17:05:52,239] Trial 15 finished with value: 0.13816379010677338 and parameters: {'lr': 0.0007616708002794238, 'hidden_sizes': '[8, 8]', 'batch_size': 16}. Best is trial 11 with value: 0.13167962431907654.
Early stopping at epoch 29
[I 2024-07-22 17:07:33,390] Trial 21 finished with value: 0.14237427711486816 and parameters: {'lr': 0.0006167244474821457, 'hidden_sizes': '[16, 16]', 'batch_size': 64}. Best is trial 11 with value: 0.13167962431907654.
Early stopping at epoch 15
[I 2024-07-22 17:10:49,905] Trial 26 finished with value: 0.13475564122200012 and parameters: {'lr': 0.00992380617409275, 'hidden_sizes': '[16, 8]', 'batch_size': 16}. Best is trial 11 with value: 0.13167962431907654.
Early stopping at epoch 28
[I 2024-07-22 17:11:05,724] Trial 25 finished with value: 0.13372018933296204 and parameters: {'lr': 0.044514987412078766, 'hidden_sizes': '[32, 64]', 'batch_size': 64}. Best is trial 11 with value: 0.13167962431907654.
Early stopping at epoch 27
[I 2024-07-22 17:17:16,583] Trial 29 finished with value: 0.14422807097434998 and parameters: {'lr': 0.00023848368572780565, 'hidden_sizes': '[32, 64]', 'batch_size': 128}. Best is trial 11 with value: 0.13167962431907654.
Early stopping at epoch 17
[I 2024-07-22 17:22:39,442] Trial 28 finished with value: 0.14295080304145813 and parameters: {'lr': 0.00045927179055226956, 'hidden_sizes': '[32, 64]', 'batch_size': 16}. Best is trial 11 with value: 0.13167962431907654.
Early stopping at epoch 25
[I 2024-07-22 17:24:31,476] Trial 24 finished with value: 0.1322096437215805 and parameters: {'lr': 0.013343653445251378, 'hidden_sizes': '[8, 16]', 'batch_size': 16}. Best is trial 11 with value: 0.13167962431907654.
Early stopping at epoch 37
[I 2024-07-22 17:27:17,013] Trial 23 finished with value: 0.1414392739534378 and parameters: {'lr': 0.00026938535024718653, 'hidden_sizes': '[8, 8]', 'batch_size': 32}. Best is trial 11 with value: 0.13167962431907654.
Early stopping at epoch 64
[I 2024-07-22 17:28:04,032] Trial 14 finished with value: 0.14145003259181976 and parameters: {'lr': 0.0002215156294436532, 'hidden_sizes': '[8, 16]', 'batch_size': 64}. Best is trial 11 with value: 0.13167962431907654.
Early stopping at epoch 38
[I 2024-07-22 17:28:58,356] Trial 18 finished with value: 0.14344340562820435 and parameters: {'lr': 0.00010966694618647325, 'hidden_sizes': '[16, 8]', 'batch_size': 16}. Best is trial 11 with value: 0.13167962431907654.
Early stopping at epoch 53
[I 2024-07-22 17:29:31,113] Trial 22 finished with value: 0.1406189352273941 and parameters: {'lr': 0.00031502624257955436, 'hidden_sizes': '[16, 32]', 'batch_size': 64}. Best is trial 11 with value: 0.13167962431907654.
Early stopping at epoch 87
[I 2024-07-22 17:30:08,881] Trial 12 finished with value: 0.14609016478061676 and parameters: {'lr': 0.0001744730206981023, 'hidden_sizes': '[16, 32]', 'batch_size': 128}. Best is trial 11 with value: 0.13167962431907654.
Early stopping at epoch 42
