[I 2024-07-22 17:30:23,789] Trial 10 finished with value: 0.13553594052791595 and parameters: {'lr': 0.0018819462190928756, 'hidden_sizes': '[8, 8]', 'batch_size': 16}. Best is trial 11 with value: 0.13167962431907654.
Early stopping at epoch 64
[I 2024-07-22 17:33:07,904] Trial 0 finished with value: 0.132330983877182 and parameters: {'lr': 0.07962764582394895, 'hidden_sizes': '[32, 64]', 'batch_size': 16}. Best is trial 11 with value: 0.13167962431907654.
Early stopping at epoch 90
[I 2024-07-22 17:33:12,289] Trial 20 finished with value: 0.13743680715560913 and parameters: {'lr': 0.00030911396068637227, 'hidden_sizes': '[8, 8]', 'batch_size': 32}. Best is trial 11 with value: 0.13167962431907654.
Early stopping at epoch 34
Early stopping at epoch 48
Early stopping at epoch 25
Early stopping at epoch 44

Results for load_blog_feedback:
RMSE: 0.1311 (Â±0.0019)
Best configuration: {'lr': 0.04075915415311118, 'hidden_sizes': [16, 32], 'batch_size': 16, 'epochs': 100}

Processing dataset: load_boston_housing
[I 2024-07-22 17:57:03,651] A new study created in memory with name: no-name-fa137c96-bf33-4a5b-b823-36e2325dca0b
Early stopping at epoch 23
[I 2024-07-22 17:57:31,736] Trial 8 finished with value: 0.07275442779064178 and parameters: {'lr': 0.09184365193086846, 'hidden_sizes': '[16, 8]', 'batch_size': 64}. Best is trial 8 with value: 0.07275442779064178.
Early stopping at epoch 16
[I 2024-07-22 17:57:35,913] Trial 14 finished with value: 0.06497250497341156 and parameters: {'lr': 0.019839262170675467, 'hidden_sizes': '[32, 64]', 'batch_size': 16}. Best is trial 14 with value: 0.06497250497341156.
Early stopping at epoch 32
[I 2024-07-22 17:57:41,775] Trial 3 finished with value: 0.06596273928880692 and parameters: {'lr': 0.05741555130540714, 'hidden_sizes': '[32, 32]', 'batch_size': 64}. Best is trial 14 with value: 0.06497250497341156.
Early stopping at epoch 34
[I 2024-07-22 17:57:44,013] Trial 1 finished with value: 0.07170159369707108 and parameters: {'lr': 0.03282487719532179, 'hidden_sizes': '[8, 16]', 'batch_size': 64}. Best is trial 14 with value: 0.06497250497341156.
Early stopping at epoch 30
[I 2024-07-22 17:57:47,178] Trial 17 finished with value: 0.06850428879261017 and parameters: {'lr': 0.06904374551543005, 'hidden_sizes': '[64, 64]', 'batch_size': 32}. Best is trial 14 with value: 0.06497250497341156.
Early stopping at epoch 40
[I 2024-07-22 17:57:50,996] Trial 0 finished with value: 0.05690388381481171 and parameters: {'lr': 0.015956267252964937, 'hidden_sizes': '[64, 64]', 'batch_size': 64}. Best is trial 0 with value: 0.05690388381481171.
Early stopping at epoch 41
[I 2024-07-22 17:57:52,529] Trial 11 finished with value: 0.05755970627069473 and parameters: {'lr': 0.019186118719649037, 'hidden_sizes': '[64, 64]', 'batch_size': 64}. Best is trial 0 with value: 0.05690388381481171.
Early stopping at epoch 42
Early stopping at epoch 35
[I 2024-07-22 17:57:53,863] Trial 18 finished with value: 0.06429052352905273 and parameters: {'lr': 0.003314062111148025, 'hidden_sizes': '[32, 64]', 'batch_size': 64}. Best is trial 0 with value: 0.05690388381481171.
[I 2024-07-22 17:57:53,887] Trial 6 finished with value: 0.06564056873321533 and parameters: {'lr': 0.010181200650488593, 'hidden_sizes': '[16, 32]', 'batch_size': 32}. Best is trial 0 with value: 0.05690388381481171.
Early stopping at epoch 46
[I 2024-07-22 17:58:09,145] Trial 4 finished with value: 0.0655941441655159 and parameters: {'lr': 0.007727651377155422, 'hidden_sizes': '[32, 64]', 'batch_size': 32}. Best is trial 0 with value: 0.05690388381481171.
Early stopping at epoch 59
[I 2024-07-22 17:58:13,276] Trial 7 finished with value: 0.0652928277850151 and parameters: {'lr': 0.009695864943333842, 'hidden_sizes': '[16, 32]', 'batch_size': 64}. Best is trial 0 with value: 0.05690388381481171.
Early stopping at epoch 35
[I 2024-07-22 17:58:28,821] Trial 24 finished with value: 0.06559520959854126 and parameters: {'lr': 0.04108398750818547, 'hidden_sizes': '[8, 16]', 'batch_size': 64}. Best is trial 0 with value: 0.05690388381481171.
Early stopping at epoch 31
[I 2024-07-22 17:58:37,361] Trial 28 finished with value: 0.0729413628578186 and parameters: {'lr': 0.03932457839639945, 'hidden_sizes': '[8, 16]', 'batch_size': 32}. Best is trial 0 with value: 0.05690388381481171.
[I 2024-07-22 17:58:42,664] Trial 5 finished with value: 0.08450160920619965 and parameters: {'lr': 0.0015564423697047608, 'hidden_sizes': '[16, 16]', 'batch_size': 128}. Best is trial 0 with value: 0.05690388381481171.
[I 2024-07-22 17:58:42,691] Trial 12 finished with value: 0.2166280299425125 and parameters: {'lr': 0.00016176004789734928, 'hidden_sizes': '[16, 8]', 'batch_size': 128}. Best is trial 0 with value: 0.05690388381481171.
[I 2024-07-22 17:58:43,224] Trial 9 finished with value: 0.1903187483549118 and parameters: {'lr': 0.00045915489743007814, 'hidden_sizes': '[8, 16]', 'batch_size': 128}. Best is trial 0 with value: 0.05690388381481171.
[I 2024-07-22 17:58:43,265] Trial 2 finished with value: 0.0764632523059845 and parameters: {'lr': 0.0072268342838135565, 'hidden_sizes': '[8, 8]', 'batch_size': 128}. Best is trial 0 with value: 0.05690388381481171.
Early stopping at epoch 56
[I 2024-07-22 17:58:46,224] Trial 10 finished with value: 0.0679674819111824 and parameters: {'lr': 0.03718141620357453, 'hidden_sizes': '[16, 16]', 'batch_size': 16}. Best is trial 0 with value: 0.05690388381481171.
[I 2024-07-22 17:58:52,136] Trial 13 finished with value: 0.10122393816709518 and parameters: {'lr': 0.0001154570328043213, 'hidden_sizes': '[64, 64]', 'batch_size': 64}. Best is trial 0 with value: 0.05690388381481171.
[I 2024-07-22 17:58:52,697] Trial 16 finished with value: 0.07255362719297409 and parameters: {'lr': 0.005330909343076401, 'hidden_sizes': '[16, 32]', 'batch_size': 64}. Best is trial 0 with value: 0.05690388381481171.
Early stopping at epoch 48
[I 2024-07-22 17:58:54,421] Trial 20 finished with value: 0.06479267030954361 and parameters: {'lr': 0.001973144605004396, 'hidden_sizes': '[32, 32]', 'batch_size': 16}. Best is trial 0 with value: 0.05690388381481171.
Early stopping at epoch 56
[I 2024-07-22 17:58:57,369] Trial 25 finished with value: 0.06327495723962784 and parameters: {'lr': 0.0787591049915292, 'hidden_sizes': '[64, 64]', 'batch_size': 32}. Best is trial 0 with value: 0.05690388381481171.
[I 2024-07-22 17:58:59,213] Trial 21 finished with value: 0.057693906128406525 and parameters: {'lr': 0.0066648494745987176, 'hidden_sizes': '[32, 32]', 'batch_size': 128}. Best is trial 0 with value: 0.05690388381481171.
[I 2024-07-22 17:59:01,901] Trial 23 finished with value: 0.10414480417966843 and parameters: {'lr': 0.00035036395936921387, 'hidden_sizes': '[32, 32]', 'batch_size': 128}. Best is trial 0 with value: 0.05690388381481171.
[I 2024-07-22 17:59:05,604] Trial 22 finished with value: 0.11835617572069168 and parameters: {'lr': 0.001296777422767183, 'hidden_sizes': '[8, 8]', 'batch_size': 64}. Best is trial 0 with value: 0.05690388381481171.
Early stopping at epoch 80
[I 2024-07-22 17:59:06,024] Trial 19 finished with value: 0.060216888785362244 and parameters: {'lr': 0.020666357681086774, 'hidden_sizes': '[16, 8]', 'batch_size': 16}. Best is trial 0 with value: 0.05690388381481171.
[I 2024-07-22 17:59:06,367] Trial 29 finished with value: 0.1383267343044281 and parameters: {'lr': 0.00026980381565299034, 'hidden_sizes': '[8, 8]', 'batch_size': 128}. Best is trial 0 with value: 0.05690388381481171.
[I 2024-07-22 17:59:06,585] Trial 27 finished with value: 0.10688143223524094 and parameters: {'lr': 0.0010768595155490844, 'hidden_sizes': '[16, 8]', 'batch_size': 64}. Best is trial 0 with value: 0.05690388381481171.
[I 2024-07-22 17:59:08,117] Trial 15 finished with value: 0.08948899060487747 and parameters: {'lr': 0.00029703137781127425, 'hidden_sizes': '[32, 32]', 'batch_size': 16}. Best is trial 0 with value: 0.05690388381481171.
Early stopping at epoch 92
[I 2024-07-22 17:59:08,903] Trial 26 finished with value: 0.062274347990751266 and parameters: {'lr': 0.0006015446530945187, 'hidden_sizes': '[64, 64]', 'batch_size': 16}. Best is trial 0 with value: 0.05690388381481171.
Early stopping at epoch 92
Early stopping at epoch 62
Early stopping at epoch 32
Early stopping at epoch 44
Early stopping at epoch 37

Results for load_boston_housing:
RMSE: 0.0717 (Â±0.0110)
Best configuration: {'lr': 0.015956267252964937, 'hidden_sizes': [64, 64], 'batch_size': 64, 'epochs': 100}

Processing dataset: load_compas
[I 2024-07-22 17:59:13,557] A new study created in memory with name: no-name-4eae3563-c596-4f3b-8165-69600700c03c
Early stopping at epoch 13
[I 2024-07-22 18:01:52,964] Trial 12 finished with value: 0.4089068825910931 and parameters: {'lr': 0.00010970381047061799, 'hidden_sizes': '[16, 8]', 'batch_size': 128}. Best is trial 12 with value: 0.4089068825910931.
Early stopping at epoch 16
[I 2024-07-22 18:02:26,377] Trial 17 finished with value: 0.2925101214574899 and parameters: {'lr': 0.019255396142125108, 'hidden_sizes': '[64, 64]', 'batch_size': 128}. Best is trial 17 with value: 0.2925101214574899.
Early stopping at epoch 12
[I 2024-07-22 18:02:44,931] Trial 1 finished with value: 0.29453441295546556 and parameters: {'lr': 0.007561587475914346, 'hidden_sizes': '[16, 8]', 'batch_size': 32}. Best is trial 17 with value: 0.2925101214574899.
Early stopping at epoch 13
[I 2024-07-22 18:02:57,688] Trial 13 finished with value: 0.29655870445344135 and parameters: {'lr': 0.0010261568431163101, 'hidden_sizes': '[32, 64]', 'batch_size': 32}. Best is trial 17 with value: 0.2925101214574899.
Early stopping at epoch 13
[I 2024-07-22 18:02:59,936] Trial 14 finished with value: 0.29655870445344135 and parameters: {'lr': 0.0007927924751921467, 'hidden_sizes': '[64, 64]', 'batch_size': 32}. Best is trial 17 with value: 0.2925101214574899.
Early stopping at epoch 12
[I 2024-07-22 18:03:58,141] Trial 19 finished with value: 0.29655870445344135 and parameters: {'lr': 0.0684850250271349, 'hidden_sizes': '[32, 32]', 'batch_size': 16}. Best is trial 17 with value: 0.2925101214574899.
Early stopping at epoch 12
[I 2024-07-22 18:03:59,396] Trial 6 finished with value: 0.2975708502024291 and parameters: {'lr': 0.002397335173228253, 'hidden_sizes': '[8, 16]', 'batch_size': 16}. Best is trial 17 with value: 0.2925101214574899.
Early stopping at epoch 17
[I 2024-07-22 18:04:03,828] Trial 7 finished with value: 0.29554655870445345 and parameters: {'lr': 0.030187019546050672, 'hidden_sizes': '[8, 16]', 'batch_size': 32}. Best is trial 17 with value: 0.2925101214574899.
Early stopping at epoch 17
[I 2024-07-22 18:04:08,147] Trial 9 finished with value: 0.2935222672064778 and parameters: {'lr': 0.0012491159473765846, 'hidden_sizes': '[16, 32]', 'batch_size': 32}. Best is trial 17 with value: 0.2925101214574899.
Early stopping at epoch 13
[I 2024-07-22 18:04:24,194] Trial 16 finished with value: 0.29453441295546556 and parameters: {'lr': 0.002868963100176993, 'hidden_sizes': '[8, 16]', 'batch_size': 16}. Best is trial 17 with value: 0.2925101214574899.
[I 2024-07-22 18:04:41,023] Trial 8 finished with value: 0.2935222672064778 and parameters: {'lr': 0.04298374150676562, 'hidden_sizes': '[8, 16]', 'batch_size': 64}. Best is trial 17 with value: 0.2925101214574899.
Early stopping at epoch 24
Early stopping at epoch 25
[I 2024-07-22 18:04:50,064] Trial 3 finished with value: 0.31275303643724695 and parameters: {'lr': 0.00021568554843821728, 'hidden_sizes': '[8, 8]', 'batch_size': 64}. Best is trial 17 with value: 0.2925101214574899.
Early stopping at epoch 14
[I 2024-07-22 18:05:42,062] Trial 23 finished with value: 0.28846153846153844 and parameters: {'lr': 0.08907043677862955, 'hidden_sizes': '[32, 32]', 'batch_size': 128}. Best is trial 23 with value: 0.28846153846153844.
Early stopping at epoch 24
[I 2024-07-22 18:05:46,526] Trial 4 finished with value: 0.29554655870445345 and parameters: {'lr': 0.0004032109883357645, 'hidden_sizes': '[32, 64]', 'batch_size': 32}. Best is trial 23 with value: 0.28846153846153844.
Early stopping at epoch 30
[I 2024-07-22 18:05:50,219] Trial 2 finished with value: 0.27935222672064774 and parameters: {'lr': 0.013460350492065818, 'hidden_sizes': '[32, 64]', 'batch_size': 64}. Best is trial 2 with value: 0.27935222672064774.
Early stopping at epoch 36
[I 2024-07-22 18:06:01,448] Trial 10 finished with value: 0.32692307692307687 and parameters: {'lr': 0.0001455713720409896, 'hidden_sizes': '[16, 8]', 'batch_size': 128}. Best is trial 2 with value: 0.27935222672064774.
Early stopping at epoch 13
[I 2024-07-22 18:06:13,375] Trial 22 finished with value: 0.298582995951417 and parameters: {'lr': 0.001384122741701717, 'hidden_sizes': '[64, 64]', 'batch_size': 32}. Best is trial 2 with value: 0.27935222672064774.
Early stopping at epoch 11
[I 2024-07-22 18:06:17,994] Trial 29 finished with value: 0.2935222672064778 and parameters: {'lr': 0.023450309795139335, 'hidden_sizes': '[64, 64]', 'batch_size': 128}. Best is trial 2 with value: 0.27935222672064774.
Early stopping at epoch 20
[I 2024-07-22 18:06:28,089] Trial 5 finished with value: 0.29453441295546556 and parameters: {'lr': 0.0023410839081887762, 'hidden_sizes': '[64, 64]', 'batch_size': 16}. Best is trial 2 with value: 0.27935222672064774.
Early stopping at epoch 15
[I 2024-07-22 18:06:29,322] Trial 25 finished with value: 0.332995951417004 and parameters: {'lr': 0.00031646498847741117, 'hidden_sizes': '[16, 32]', 'batch_size': 128}. Best is trial 2 with value: 0.27935222672064774.
Early stopping at epoch 20
[I 2024-07-22 18:06:30,290] Trial 11 finished with value: 0.29554655870445345 and parameters: {'lr': 0.000504729954808549, 'hidden_sizes': '[16, 32]', 'batch_size': 16}. Best is trial 2 with value: 0.27935222672064774.
Early stopping at epoch 37
[I 2024-07-22 18:06:42,858] Trial 0 finished with value: 0.298582995951417 and parameters: {'lr': 0.0007761489383927109, 'hidden_sizes': '[8, 16]', 'batch_size': 64}. Best is trial 2 with value: 0.27935222672064774.
Early stopping at epoch 19
[I 2024-07-22 18:06:48,536] Trial 26 finished with value: 0.2995951417004049 and parameters: {'lr': 0.004098456977890341, 'hidden_sizes': '[8, 8]', 'batch_size': 128}. Best is trial 2 with value: 0.27935222672064774.
Early stopping at epoch 23
[I 2024-07-22 18:06:55,191] Trial 18 finished with value: 0.2995951417004049 and parameters: {'lr': 0.00199254091785468, 'hidden_sizes': '[16, 32]', 'batch_size': 16}. Best is trial 2 with value: 0.27935222672064774.
Early stopping at epoch 20
[I 2024-07-22 18:07:02,929] Trial 27 finished with value: 0.2935222672064778 and parameters: {'lr': 0.057159004572248526, 'hidden_sizes': '[8, 8]', 'batch_size': 64}. Best is trial 2 with value: 0.27935222672064774.
Early stopping at epoch 31
[I 2024-07-22 18:07:05,079] Trial 20 finished with value: 0.2925101214574899 and parameters: {'lr': 0.030527479779574263, 'hidden_sizes': '[16, 32]', 'batch_size': 64}. Best is trial 2 with value: 0.27935222672064774.
[I 2024-07-22 18:07:20,172] Trial 21 finished with value: 0.32995951417004044 and parameters: {'lr': 0.00010829616196350177, 'hidden_sizes': '[16, 16]', 'batch_size': 32}. Best is trial 2 with value: 0.27935222672064774.
Early stopping at epoch 32
Early stopping at epoch 22
[I 2024-07-22 18:07:23,769] Trial 24 finished with value: 0.29453441295546556 and parameters: {'lr': 0.015086343159329715, 'hidden_sizes': '[16, 8]', 'batch_size': 16}. Best is trial 2 with value: 0.27935222672064774.
Early stopping at epoch 24
[I 2024-07-22 18:07:28,631] Trial 28 finished with value: 0.29655870445344135 and parameters: {'lr': 0.0013856263213915443, 'hidden_sizes': '[16, 32]', 'batch_size': 16}. Best is trial 2 with value: 0.27935222672064774.
[I 2024-07-22 18:07:32,432] Trial 15 finished with value: 0.27935222672064774 and parameters: {'lr': 0.014937329182229734, 'hidden_sizes': '[32, 64]', 'batch_size': 16}. Best is trial 2 with value: 0.27935222672064774.
Early stopping at epoch 47
Early stopping at epoch 10
Early stopping at epoch 10
Early stopping at epoch 47
Early stopping at epoch 13
[I 2024-07-22 18:07:50,290] A new study created in memory with name: no-name-14d99d80-1f67-4ff9-918d-4edd026c88eb
Early stopping at epoch 28

Results for load_compas:
Error Rate: 0.3099 (Â±0.0141)
Best configuration: {'lr': 0.013460350492065818, 'hidden_sizes': [32, 64], 'batch_size': 64, 'epochs': 100}

Processing dataset: load_era
Early stopping at epoch 11
[I 2024-07-22 18:08:21,713] Trial 2 finished with value: 0.19922879338264465 and parameters: {'lr': 0.06610518528479843, 'hidden_sizes': '[32, 32]', 'batch_size': 32}. Best is trial 2 with value: 0.19922879338264465.
Early stopping at epoch 19
[I 2024-07-22 18:08:33,791] Trial 11 finished with value: 0.19891870021820068 and parameters: {'lr': 0.025524713188589388, 'hidden_sizes': '[32, 32]', 'batch_size': 64}. Best is trial 11 with value: 0.19891870021820068.
Early stopping at epoch 19
[I 2024-07-22 18:08:34,418] Trial 18 finished with value: 0.19929520785808563 and parameters: {'lr': 0.012512794366382661, 'hidden_sizes': '[8, 16]', 'batch_size': 64}. Best is trial 11 with value: 0.19891870021820068.
Early stopping at epoch 16
[I 2024-07-22 18:08:35,465] Trial 10 finished with value: 0.19543907046318054 and parameters: {'lr': 0.002260915879390035, 'hidden_sizes': '[16, 32]', 'batch_size': 32}. Best is trial 10 with value: 0.19543907046318054.
Early stopping at epoch 14
[I 2024-07-22 18:08:43,681] Trial 6 finished with value: 0.19918352365493774 and parameters: {'lr': 0.015573633823576823, 'hidden_sizes': '[32, 64]', 'batch_size': 16}. Best is trial 10 with value: 0.19543907046318054.
Early stopping at epoch 19
[I 2024-07-22 18:08:43,789] Trial 16 finished with value: 0.19492901861667633 and parameters: {'lr': 0.0014856192335485016, 'hidden_sizes': '[16, 8]', 'batch_size': 32}. Best is trial 16 with value: 0.19492901861667633.
Early stopping at epoch 28
[I 2024-07-22 18:08:53,355] Trial 15 finished with value: 0.20715075731277466 and parameters: {'lr': 0.00014041395405648845, 'hidden_sizes': '[32, 64]', 'batch_size': 64}. Best is trial 16 with value: 0.19492901861667633.
Early stopping at epoch 16
[I 2024-07-22 18:08:54,237] Trial 20 finished with value: 0.19916069507598877 and parameters: {'lr': 0.0019170448662117932, 'hidden_sizes': '[64, 64]', 'batch_size': 128}. Best is trial 16 with value: 0.19492901861667633.
Early stopping at epoch 29
[I 2024-07-22 18:08:54,615] Trial 3 finished with value: 0.20172269642353058 and parameters: {'lr': 0.004245485475581992, 'hidden_sizes': '[16, 32]', 'batch_size': 64}. Best is trial 16 with value: 0.19492901861667633.
Early stopping at epoch 24
[I 2024-07-22 18:08:56,207] Trial 8 finished with value: 0.1970306634902954 and parameters: {'lr': 0.0010677331608128372, 'hidden_sizes': '[8, 8]', 'batch_size': 32}. Best is trial 16 with value: 0.19492901861667633.
Early stopping at epoch 32
[I 2024-07-22 18:09:00,798] Trial 17 finished with value: 0.20004190504550934 and parameters: {'lr': 0.08982633105884466, 'hidden_sizes': '[32, 64]', 'batch_size': 64}. Best is trial 16 with value: 0.19492901861667633.
Early stopping at epoch 21
[I 2024-07-22 18:09:07,534] Trial 0 finished with value: 0.19481724500656128 and parameters: {'lr': 0.0015152646696363426, 'hidden_sizes': '[8, 16]', 'batch_size': 16}. Best is trial 0 with value: 0.19481724500656128.
Early stopping at epoch 14
[I 2024-07-22 18:09:14,123] Trial 25 finished with value: 0.19789883494377136 and parameters: {'lr': 0.08491455961291403, 'hidden_sizes': '[16, 16]', 'batch_size': 64}. Best is trial 0 with value: 0.19481724500656128.
Early stopping at epoch 35
[I 2024-07-22 18:09:22,914] Trial 4 finished with value: 0.201803058385849 and parameters: {'lr': 0.0024179975772022325, 'hidden_sizes': '[8, 16]', 'batch_size': 32}. Best is trial 0 with value: 0.19481724500656128.
Early stopping at epoch 36
[I 2024-07-22 18:09:24,141] Trial 19 finished with value: 0.20507536828517914 and parameters: {'lr': 0.0005878670526657886, 'hidden_sizes': '[16, 32]', 'batch_size': 32}. Best is trial 0 with value: 0.19481724500656128.
Early stopping at epoch 57
[I 2024-07-22 18:09:34,345] Trial 12 finished with value: 0.22602376341819763 and parameters: {'lr': 0.00035798812953144644, 'hidden_sizes': '[16, 8]', 'batch_size': 128}. Best is trial 0 with value: 0.19481724500656128.
Early stopping at epoch 18
[I 2024-07-22 18:09:34,464] Trial 22 finished with value: 0.19970889389514923 and parameters: {'lr': 0.01969907514430771, 'hidden_sizes': '[8, 8]', 'batch_size': 16}. Best is trial 0 with value: 0.19481724500656128.
Early stopping at epoch 63
[I 2024-07-22 18:09:40,754] Trial 7 finished with value: 0.19804929196834564 and parameters: {'lr': 0.00041547087941858464, 'hidden_sizes': '[64, 64]', 'batch_size': 128}. Best is trial 0 with value: 0.19481724500656128.
Early stopping at epoch 27
[I 2024-07-22 18:09:41,871] Trial 28 finished with value: 0.20092226564884186 and parameters: {'lr': 0.016624645438148032, 'hidden_sizes': '[8, 8]', 'batch_size': 64}. Best is trial 0 with value: 0.19481724500656128.
Early stopping at epoch 46
[I 2024-07-22 18:09:51,699] Trial 24 finished with value: 0.1991015076637268 and parameters: {'lr': 0.0005081429246746086, 'hidden_sizes': '[64, 64]', 'batch_size': 128}. Best is trial 0 with value: 0.19481724500656128.
Early stopping at epoch 97
[I 2024-07-22 18:10:14,200] Trial 14 finished with value: 0.19781866669654846 and parameters: {'lr': 0.0003954048955942791, 'hidden_sizes': '[32, 32]', 'batch_size': 128}. Best is trial 0 with value: 0.19481724500656128.
[I 2024-07-22 18:10:16,007] Trial 1 finished with value: 0.25027579069137573 and parameters: {'lr': 0.00017170547975133065, 'hidden_sizes': '[16, 16]', 'batch_size': 128}. Best is trial 0 with value: 0.19481724500656128.
