[I 2024-07-22 18:10:25,076] Trial 13 finished with value: 0.28345736861228943 and parameters: {'lr': 0.00015025830055437065, 'hidden_sizes': '[16, 8]', 'batch_size': 64}. Best is trial 0 with value: 0.19481724500656128.
[I 2024-07-22 18:10:25,325] Trial 5 finished with value: 0.20175234973430634 and parameters: {'lr': 0.00032473485954757637, 'hidden_sizes': '[16, 16]', 'batch_size': 64}. Best is trial 0 with value: 0.19481724500656128.
[I 2024-07-22 18:10:25,901] Trial 26 finished with value: 0.19678406417369843 and parameters: {'lr': 0.0012395965557368204, 'hidden_sizes': '[8, 16]', 'batch_size': 64}. Best is trial 0 with value: 0.19481724500656128.
Early stopping at epoch 71
Early stopping at epoch 62
[I 2024-07-22 18:10:28,268] Trial 9 finished with value: 0.19857092201709747 and parameters: {'lr': 0.00044915367786744115, 'hidden_sizes': '[8, 8]', 'batch_size': 16}. Best is trial 0 with value: 0.19481724500656128.
[I 2024-07-22 18:10:29,059] Trial 27 finished with value: 0.19988206028938293 and parameters: {'lr': 0.0001709971519999207, 'hidden_sizes': '[64, 64]', 'batch_size': 128}. Best is trial 0 with value: 0.19481724500656128.
[I 2024-07-22 18:10:29,495] Trial 23 finished with value: 0.20846574008464813 and parameters: {'lr': 0.00018732540393481337, 'hidden_sizes': '[16, 16]', 'batch_size': 64}. Best is trial 0 with value: 0.19481724500656128.
[I 2024-07-22 18:10:29,496] Trial 21 finished with value: 0.20300108194351196 and parameters: {'lr': 0.0002696251676874547, 'hidden_sizes': '[16, 16]', 'batch_size': 64}. Best is trial 0 with value: 0.19481724500656128.
Early stopping at epoch 66
[I 2024-07-22 18:10:31,011] Trial 29 finished with value: 0.19529753923416138 and parameters: {'lr': 0.0002603578439089369, 'hidden_sizes': '[16, 8]', 'batch_size': 16}. Best is trial 0 with value: 0.19481724500656128.
Early stopping at epoch 45
Early stopping at epoch 32
Early stopping at epoch 36
Early stopping at epoch 31

Results for load_era:
RMSE: 0.1981 (Â±0.0082)
Best configuration: {'lr': 0.0015152646696363426, 'hidden_sizes': [8, 16], 'batch_size': 16, 'epochs': 100}

Processing dataset: load_esl
[I 2024-07-22 18:10:52,465] A new study created in memory with name: no-name-2c3693cc-98df-47b9-a271-122a17579435
Early stopping at epoch 22
[I 2024-07-22 18:11:16,847] Trial 1 finished with value: 0.06141924485564232 and parameters: {'lr': 0.02321564699301983, 'hidden_sizes': '[8, 8]', 'batch_size': 64}. Best is trial 1 with value: 0.06141924485564232.
Early stopping at epoch 15
[I 2024-07-22 18:11:20,256] Trial 17 finished with value: 0.0607004277408123 and parameters: {'lr': 0.004028671424499927, 'hidden_sizes': '[64, 64]', 'batch_size': 16}. Best is trial 17 with value: 0.0607004277408123.
Early stopping at epoch 23
[I 2024-07-22 18:11:24,150] Trial 13 finished with value: 0.061552949249744415 and parameters: {'lr': 0.0047275840437558765, 'hidden_sizes': '[32, 32]', 'batch_size': 32}. Best is trial 17 with value: 0.0607004277408123.
Early stopping at epoch 31
[I 2024-07-22 18:11:26,695] Trial 18 finished with value: 0.06094958633184433 and parameters: {'lr': 0.035952666179664985, 'hidden_sizes': '[16, 8]', 'batch_size': 64}. Best is trial 17 with value: 0.0607004277408123.
Early stopping at epoch 44
[I 2024-07-22 18:11:36,540] Trial 9 finished with value: 0.06374915689229965 and parameters: {'lr': 0.020150405582533417, 'hidden_sizes': '[16, 32]', 'batch_size': 128}. Best is trial 17 with value: 0.0607004277408123.
Early stopping at epoch 36
[I 2024-07-22 18:11:40,736] Trial 6 finished with value: 0.06321991980075836 and parameters: {'lr': 0.010075489709675244, 'hidden_sizes': '[8, 16]', 'batch_size': 32}. Best is trial 17 with value: 0.0607004277408123.
Early stopping at epoch 45
[I 2024-07-22 18:11:42,462] Trial 2 finished with value: 0.06216524541378021 and parameters: {'lr': 0.008343919911924054, 'hidden_sizes': '[8, 16]', 'batch_size': 64}. Best is trial 17 with value: 0.0607004277408123.
Early stopping at epoch 40
[I 2024-07-22 18:11:45,939] Trial 5 finished with value: 0.06279107928276062 and parameters: {'lr': 0.01361289193059798, 'hidden_sizes': '[64, 64]', 'batch_size': 32}. Best is trial 17 with value: 0.0607004277408123.
Early stopping at epoch 55
[I 2024-07-22 18:11:47,070] Trial 14 finished with value: 0.10599125176668167 and parameters: {'lr': 0.0005659259473232129, 'hidden_sizes': '[16, 32]', 'batch_size': 128}. Best is trial 17 with value: 0.0607004277408123.
Early stopping at epoch 41
[I 2024-07-22 18:12:03,437] Trial 16 finished with value: 0.10750919580459595 and parameters: {'lr': 0.00011093549100695437, 'hidden_sizes': '[16, 32]', 'batch_size': 16}. Best is trial 17 with value: 0.0607004277408123.
Early stopping at epoch 74Early stopping at epoch 24

[I 2024-07-22 18:12:10,218] Trial 28 finished with value: 0.06473205983638763 and parameters: {'lr': 0.0529115125762154, 'hidden_sizes': '[16, 16]', 'batch_size': 64}. Best is trial 17 with value: 0.0607004277408123.
[I 2024-07-22 18:12:10,219] Trial 4 finished with value: 0.08294814079999924 and parameters: {'lr': 0.0003966070419502904, 'hidden_sizes': '[8, 8]', 'batch_size': 64}. Best is trial 17 with value: 0.0607004277408123.
Early stopping at epoch 64
[I 2024-07-22 18:12:13,470] Trial 19 finished with value: 0.09148339927196503 and parameters: {'lr': 0.00011596368752361583, 'hidden_sizes': '[32, 32]', 'batch_size': 32}. Best is trial 17 with value: 0.0607004277408123.
Early stopping at epoch 48
[I 2024-07-22 18:12:14,455] Trial 23 finished with value: 0.06219474598765373 and parameters: {'lr': 0.0028830559765610038, 'hidden_sizes': '[32, 32]', 'batch_size': 64}. Best is trial 17 with value: 0.0607004277408123.
Early stopping at epoch 60
[I 2024-07-22 18:12:16,766] Trial 20 finished with value: 0.06348781287670135 and parameters: {'lr': 0.036263303895832495, 'hidden_sizes': '[8, 8]', 'batch_size': 64}. Best is trial 17 with value: 0.0607004277408123.
Early stopping at epoch 69
[I 2024-07-22 18:12:17,341] Trial 8 finished with value: 0.1362471580505371 and parameters: {'lr': 0.00020794855564597022, 'hidden_sizes': '[8, 16]', 'batch_size': 32}. Best is trial 17 with value: 0.0607004277408123.
Early stopping at epoch 79
[I 2024-07-22 18:12:24,820] Trial 0 finished with value: 0.06332407891750336 and parameters: {'lr': 0.0006322921521208817, 'hidden_sizes': '[32, 64]', 'batch_size': 32}. Best is trial 17 with value: 0.0607004277408123.
[I 2024-07-22 18:12:27,242] Trial 12 finished with value: 0.07079197466373444 and parameters: {'lr': 0.00047199876641823633, 'hidden_sizes': '[32, 32]', 'batch_size': 64}. Best is trial 17 with value: 0.0607004277408123.
[I 2024-07-22 18:12:27,347] Trial 15 finished with value: 0.06258374452590942 and parameters: {'lr': 0.0003722858411367262, 'hidden_sizes': '[64, 64]', 'batch_size': 64}. Best is trial 17 with value: 0.0607004277408123.
Early stopping at epoch 84
[I 2024-07-22 18:12:28,979] Trial 10 finished with value: 0.06280381232500076 and parameters: {'lr': 0.01124678865516806, 'hidden_sizes': '[16, 16]', 'batch_size': 32}. Best is trial 17 with value: 0.0607004277408123.
Early stopping at epoch 59
[I 2024-07-22 18:12:29,455] Trial 25 finished with value: 0.06310506910085678 and parameters: {'lr': 0.019686967156728588, 'hidden_sizes': '[16, 8]', 'batch_size': 64}. Best is trial 17 with value: 0.0607004277408123.
[I 2024-07-22 18:12:33,804] Trial 21 finished with value: 0.08818340301513672 and parameters: {'lr': 0.00016868929382353904, 'hidden_sizes': '[64, 64]', 'batch_size': 128}. Best is trial 17 with value: 0.0607004277408123.
Early stopping at epoch 55
[I 2024-07-22 18:12:33,843] Trial 26 finished with value: 0.06388118863105774 and parameters: {'lr': 0.077480855697956, 'hidden_sizes': '[32, 32]', 'batch_size': 32}. Best is trial 17 with value: 0.0607004277408123.
[I 2024-07-22 18:12:35,743] Trial 7 finished with value: 0.08129169791936874 and parameters: {'lr': 0.0008217505123633258, 'hidden_sizes': '[16, 8]', 'batch_size': 32}. Best is trial 17 with value: 0.0607004277408123.
[I 2024-07-22 18:12:35,809] Trial 3 finished with value: 0.07145483046770096 and parameters: {'lr': 0.00017459642018816018, 'hidden_sizes': '[64, 64]', 'batch_size': 32}. Best is trial 17 with value: 0.0607004277408123.
[I 2024-07-22 18:12:36,168] Trial 11 finished with value: 0.06453774869441986 and parameters: {'lr': 0.0007168976942522212, 'hidden_sizes': '[16, 32]', 'batch_size': 32}. Best is trial 17 with value: 0.0607004277408123.
Early stopping at epoch 94
[I 2024-07-22 18:12:36,241] Trial 22 finished with value: 0.05835895612835884 and parameters: {'lr': 0.0006775263286458118, 'hidden_sizes': '[64, 64]', 'batch_size': 64}. Best is trial 22 with value: 0.05835895612835884.
[I 2024-07-22 18:12:36,801] Trial 24 finished with value: 0.06188907474279404 and parameters: {'lr': 0.0030409079957887113, 'hidden_sizes': '[8, 16]', 'batch_size': 64}. Best is trial 22 with value: 0.05835895612835884.
Early stopping at epoch 64
Early stopping at epoch 74
[I 2024-07-22 18:12:38,457] Trial 29 finished with value: 0.06314177811145782 and parameters: {'lr': 0.001803721993202601, 'hidden_sizes': '[16, 16]', 'batch_size': 16}. Best is trial 22 with value: 0.05835895612835884.
[I 2024-07-22 18:12:38,461] Trial 27 finished with value: 0.10683581233024597 and parameters: {'lr': 0.00010822428935935587, 'hidden_sizes': '[16, 8]', 'batch_size': 16}. Best is trial 22 with value: 0.05835895612835884.
Early stopping at epoch 84
Early stopping at epoch 61
Early stopping at epoch 70
[I 2024-07-22 18:12:42,483] A new study created in memory with name: no-name-a3f0d448-2f8e-499b-a81f-71957271b721
Early stopping at epoch 42

Results for load_esl:
RMSE: 0.0649 (Â±0.0083)
Best configuration: {'lr': 0.0006775263286458118, 'hidden_sizes': [64, 64], 'batch_size': 64, 'epochs': 100}

Processing dataset: load_heart
Early stopping at epoch 10
Early stopping at epoch 10
[I 2024-07-22 18:12:48,444] Trial 1 finished with value: 0.44897959183673475 and parameters: {'lr': 0.0005932565636213307, 'hidden_sizes': '[16, 16]', 'batch_size': 128}. Best is trial 1 with value: 0.44897959183673475.
[I 2024-07-22 18:12:48,475] Trial 4 finished with value: 0.44897959183673475 and parameters: {'lr': 0.0002886339799227464, 'hidden_sizes': '[32, 32]', 'batch_size': 128}. Best is trial 1 with value: 0.44897959183673475.
Early stopping at epoch 10Early stopping at epoch 10

[I 2024-07-22 18:12:49,625] Trial 7 finished with value: 0.4693877551020408 and parameters: {'lr': 0.0013450069723757027, 'hidden_sizes': '[8, 8]', 'batch_size': 64}. Best is trial 1 with value: 0.44897959183673475.
[I 2024-07-22 18:12:49,629] Trial 8 finished with value: 0.44897959183673475 and parameters: {'lr': 0.0004837829393861994, 'hidden_sizes': '[64, 64]', 'batch_size': 64}. Best is trial 1 with value: 0.44897959183673475.
Early stopping at epoch 10
[I 2024-07-22 18:12:49,873] Trial 14 finished with value: 0.4693877551020408 and parameters: {'lr': 0.00010679318730697872, 'hidden_sizes': '[16, 8]', 'batch_size': 64}. Best is trial 1 with value: 0.44897959183673475.
Early stopping at epoch 13
[I 2024-07-22 18:12:53,653] Trial 11 finished with value: 0.1428571428571429 and parameters: {'lr': 0.08068287795429055, 'hidden_sizes': '[64, 64]', 'batch_size': 32}. Best is trial 11 with value: 0.1428571428571429.
Early stopping at epoch 10
[I 2024-07-22 18:12:54,073] Trial 10 finished with value: 0.3877551020408163 and parameters: {'lr': 0.0012925689718459926, 'hidden_sizes': '[16, 8]', 'batch_size': 16}. Best is trial 11 with value: 0.1428571428571429.
Early stopping at epoch 10
[I 2024-07-22 18:12:54,110] Trial 16 finished with value: 0.16326530612244894 and parameters: {'lr': 0.02875633560272538, 'hidden_sizes': '[16, 16]', 'batch_size': 16}. Best is trial 11 with value: 0.1428571428571429.
Early stopping at epoch 10
[I 2024-07-22 18:12:54,263] Trial 19 finished with value: 0.4693877551020408 and parameters: {'lr': 0.00011423041207028597, 'hidden_sizes': '[32, 64]', 'batch_size': 16}. Best is trial 11 with value: 0.1428571428571429.
Early stopping at epoch 10
[I 2024-07-22 18:12:54,301] Trial 15 finished with value: 0.5510204081632653 and parameters: {'lr': 0.0001365098110871312, 'hidden_sizes': '[32, 32]', 'batch_size': 16}. Best is trial 11 with value: 0.1428571428571429.
Early stopping at epoch 18
[I 2024-07-22 18:12:54,731] Trial 6 finished with value: 0.16326530612244894 and parameters: {'lr': 0.009508228294995215, 'hidden_sizes': '[64, 64]', 'batch_size': 64}. Best is trial 11 with value: 0.1428571428571429.
Early stopping at epoch 19
[I 2024-07-22 18:12:55,536] Trial 9 finished with value: 0.12244897959183676 and parameters: {'lr': 0.03363266267271336, 'hidden_sizes': '[32, 32]', 'batch_size': 64}. Best is trial 9 with value: 0.12244897959183676.
Early stopping at epoch 12
[I 2024-07-22 18:12:55,637] Trial 0 finished with value: 0.34693877551020413 and parameters: {'lr': 0.00012707623880337137, 'hidden_sizes': '[8, 16]', 'batch_size': 16}. Best is trial 9 with value: 0.12244897959183676.
Early stopping at epoch 16
[I 2024-07-22 18:12:57,541] Trial 20 finished with value: 0.4693877551020408 and parameters: {'lr': 0.002746908490316794, 'hidden_sizes': '[8, 16]', 'batch_size': 128}. Best is trial 9 with value: 0.12244897959183676.
Early stopping at epoch 15
[I 2024-07-22 18:12:59,366] Trial 24 finished with value: 0.4693877551020408 and parameters: {'lr': 0.0027256734166015936, 'hidden_sizes': '[16, 8]', 'batch_size': 64}. Best is trial 9 with value: 0.12244897959183676.
Early stopping at epoch 19
[I 2024-07-22 18:13:00,029] Trial 23 finished with value: 0.18367346938775508 and parameters: {'lr': 0.005763197525791817, 'hidden_sizes': '[64, 64]', 'batch_size': 128}. Best is trial 9 with value: 0.12244897959183676.
Early stopping at epoch 24
[I 2024-07-22 18:13:00,606] Trial 2 finished with value: 0.16326530612244894 and parameters: {'lr': 0.0018835386251278066, 'hidden_sizes': '[64, 64]', 'batch_size': 32}. Best is trial 9 with value: 0.12244897959183676.
Early stopping at epoch 15
[I 2024-07-22 18:13:01,012] Trial 25 finished with value: 0.1428571428571429 and parameters: {'lr': 0.02264666561755095, 'hidden_sizes': '[64, 64]', 'batch_size': 128}. Best is trial 9 with value: 0.12244897959183676.
Early stopping at epoch 18
Early stopping at epoch 10
[I 2024-07-22 18:13:01,293] Trial 13 finished with value: 0.18367346938775508 and parameters: {'lr': 0.0027861699479375594, 'hidden_sizes': '[64, 64]', 'batch_size': 16}. Best is trial 9 with value: 0.12244897959183676.
[I 2024-07-22 18:13:01,307] Trial 29 finished with value: 0.10204081632653061 and parameters: {'lr': 0.09790430710495429, 'hidden_sizes': '[8, 16]', 'batch_size': 32}. Best is trial 29 with value: 0.10204081632653061.
Early stopping at epoch 26
[I 2024-07-22 18:13:01,606] Trial 17 finished with value: 0.1428571428571429 and parameters: {'lr': 0.013108293032488411, 'hidden_sizes': '[8, 16]', 'batch_size': 32}. Best is trial 29 with value: 0.10204081632653061.
Early stopping at epoch 21
[I 2024-07-22 18:13:02,325] Trial 3 finished with value: 0.1428571428571429 and parameters: {'lr': 0.0015220229948900911, 'hidden_sizes': '[64, 64]', 'batch_size': 16}. Best is trial 29 with value: 0.10204081632653061.
Early stopping at epoch 17
[I 2024-07-22 18:13:02,505] Trial 28 finished with value: 0.36734693877551017 and parameters: {'lr': 0.0003970725361831734, 'hidden_sizes': '[8, 8]', 'batch_size': 64}. Best is trial 29 with value: 0.10204081632653061.
Early stopping at epoch 22
[I 2024-07-22 18:13:02,770] Trial 5 finished with value: 0.16326530612244894 and parameters: {'lr': 0.0223151214030498, 'hidden_sizes': '[32, 32]', 'batch_size': 16}. Best is trial 29 with value: 0.10204081632653061.
Early stopping at epoch 16
[I 2024-07-22 18:13:03,051] Trial 27 finished with value: 0.18367346938775508 and parameters: {'lr': 0.020809879644448647, 'hidden_sizes': '[16, 8]', 'batch_size': 32}. Best is trial 29 with value: 0.10204081632653061.
[I 2024-07-22 18:13:03,604] Trial 26 finished with value: 0.12244897959183676 and parameters: {'lr': 0.052174047517348124, 'hidden_sizes': '[16, 16]', 'batch_size': 16}. Best is trial 29 with value: 0.10204081632653061.
Early stopping at epoch 14
Early stopping at epoch 40
[I 2024-07-22 18:13:03,950] Trial 22 finished with value: 0.34693877551020413 and parameters: {'lr': 0.00018077912647398905, 'hidden_sizes': '[8, 16]', 'batch_size': 64}. Best is trial 29 with value: 0.10204081632653061.
[I 2024-07-22 18:13:04,458] Trial 12 finished with value: 0.18367346938775508 and parameters: {'lr': 0.0014455920364504005, 'hidden_sizes': '[16, 32]', 'batch_size': 16}. Best is trial 29 with value: 0.10204081632653061.
Early stopping at epoch 35
[I 2024-07-22 18:13:04,663] Trial 18 finished with value: 0.18367346938775508 and parameters: {'lr': 0.002296931495758482, 'hidden_sizes': '[16, 32]', 'batch_size': 16}. Best is trial 29 with value: 0.10204081632653061.
Early stopping at epoch 39
Early stopping at epoch 45
[I 2024-07-22 18:13:04,971] Trial 21 finished with value: 0.20408163265306123 and parameters: {'lr': 0.0008957854326776428, 'hidden_sizes': '[32, 64]', 'batch_size': 16}. Best is trial 29 with value: 0.10204081632653061.
Early stopping at epoch 13
Early stopping at epoch 11
Early stopping at epoch 20
Early stopping at epoch 13
[I 2024-07-22 18:13:06,081] A new study created in memory with name: no-name-99a7f725-3215-4fb0-a329-afc7a100b023
Early stopping at epoch 18

Results for load_heart:
Error Rate: 0.1445 (Â±0.0549)
Best configuration: {'lr': 0.09790430710495429, 'hidden_sizes': [8, 16], 'batch_size': 32, 'epochs': 100}

Processing dataset: load_lev
Early stopping at epoch 17
[I 2024-07-22 18:13:34,790] Trial 10 finished with value: 0.1520572304725647 and parameters: {'lr': 0.024050618520954917, 'hidden_sizes': '[8, 8]', 'batch_size': 128}. Best is trial 10 with value: 0.1520572304725647.
Early stopping at epoch 13
Early stopping at epoch 16
[I 2024-07-22 18:13:36,206] Trial 3 finished with value: 0.14906536042690277 and parameters: {'lr': 0.012694174921618699, 'hidden_sizes': '[16, 32]', 'batch_size': 32}. Best is trial 3 with value: 0.14906536042690277.
[I 2024-07-22 18:13:36,248] Trial 5 finished with value: 0.1491236537694931 and parameters: {'lr': 0.011753694935902276, 'hidden_sizes': '[16, 32]', 'batch_size': 64}. Best is trial 3 with value: 0.14906536042690277.
Early stopping at epoch 21
[I 2024-07-22 18:13:44,575] Trial 0 finished with value: 0.15202635526657104 and parameters: {'lr': 0.003931907215034922, 'hidden_sizes': '[16, 32]', 'batch_size': 64}. Best is trial 3 with value: 0.14906536042690277.
Early stopping at epoch 22
[I 2024-07-22 18:13:47,363] Trial 4 finished with value: 0.15236395597457886 and parameters: {'lr': 0.002804645723202305, 'hidden_sizes': '[16, 8]', 'batch_size': 64}. Best is trial 3 with value: 0.14906536042690277.
Early stopping at epoch 21
[I 2024-07-22 18:13:54,196] Trial 12 finished with value: 0.14930225908756256 and parameters: {'lr': 0.03124166038096996, 'hidden_sizes': '[16, 16]', 'batch_size': 32}. Best is trial 3 with value: 0.14906536042690277.
Early stopping at epoch 29
[I 2024-07-22 18:13:59,802] Trial 18 finished with value: 0.15000379085540771 and parameters: {'lr': 0.025365396028179374, 'hidden_sizes': '[8, 16]', 'batch_size': 64}. Best is trial 3 with value: 0.14906536042690277.
Early stopping at epoch 22
[I 2024-07-22 18:14:13,194] Trial 14 finished with value: 0.1484580785036087 and parameters: {'lr': 0.01227269027209765, 'hidden_sizes': '[32, 32]', 'batch_size': 16}. Best is trial 14 with value: 0.1484580785036087.
Early stopping at epoch 23
[I 2024-07-22 18:14:16,850] Trial 2 finished with value: 0.15000168979167938 and parameters: {'lr': 0.06754229525742597, 'hidden_sizes': '[64, 64]', 'batch_size': 16}. Best is trial 14 with value: 0.1484580785036087.
Early stopping at epoch 28
[I 2024-07-22 18:14:31,421] Trial 15 finished with value: 0.14902004599571228 and parameters: {'lr': 0.0013197378943649262, 'hidden_sizes': '[32, 64]', 'batch_size': 16}. Best is trial 14 with value: 0.1484580785036087.
Early stopping at epoch 41
[I 2024-07-22 18:14:37,765] Trial 8 finished with value: 0.15673933923244476 and parameters: {'lr': 0.0006727409470243995, 'hidden_sizes': '[8, 16]', 'batch_size': 32}. Best is trial 14 with value: 0.1484580785036087.
Early stopping at epoch 28
[I 2024-07-22 18:14:39,499] Trial 24 finished with value: 0.14867177605628967 and parameters: {'lr': 0.027946091068555026, 'hidden_sizes': '[32, 64]', 'batch_size': 64}. Best is trial 14 with value: 0.1484580785036087.
Early stopping at epoch 11
[I 2024-07-22 18:14:42,443] Trial 28 finished with value: 0.14821766316890717 and parameters: {'lr': 0.005865759101862595, 'hidden_sizes': '[64, 64]', 'batch_size': 32}. Best is trial 28 with value: 0.14821766316890717.
Early stopping at epoch 33
[I 2024-07-22 18:14:45,667] Trial 17 finished with value: 0.15156060457229614 and parameters: {'lr': 0.0008366928167045273, 'hidden_sizes': '[8, 16]', 'batch_size': 16}. Best is trial 28 with value: 0.14821766316890717.
Early stopping at epoch 45
[I 2024-07-22 18:14:46,421] Trial 20 finished with value: 0.14827531576156616 and parameters: {'lr': 0.0019835909458815883, 'hidden_sizes': '[32, 64]', 'batch_size': 128}. Best is trial 28 with value: 0.14821766316890717.
Early stopping at epoch 40
[I 2024-07-22 18:15:01,483] Trial 16 finished with value: 0.14841347932815552 and parameters: {'lr': 0.06690307045633744, 'hidden_sizes': '[16, 16]', 'batch_size': 16}. Best is trial 28 with value: 0.14821766316890717.
Early stopping at epoch 30
[I 2024-07-22 18:15:02,061] Trial 21 finished with value: 0.15015380084514618 and parameters: {'lr': 0.0016380490487577692, 'hidden_sizes': '[16, 32]', 'batch_size': 16}. Best is trial 28 with value: 0.14821766316890717.
Early stopping at epoch 78
